--------------------------------------------------------------------------------
Release 14.6 Trace  (nt64)
Copyright (c) 1995-2013 Xilinx, Inc.  All rights reserved.

C:\Xilinx\14.6\ISE_DS\ISE\bin\nt64\unwrapped\trce.exe -intstyle ise -v 3 -s 4
-n 3 -fastpaths -xml Lab3_1.twx Lab3_1.ncd -o Lab3_1.twr Lab3_1.pcf -ucf
LOGSYS_SP3E.ucf

Design file:              Lab3_1.ncd
Physical constraint file: Lab3_1.pcf
Device,package,speed:     xc3s250e,tq144,-4 (PRODUCTION 1.27 2013-06-08)
Report level:             verbose report

Environment Variable      Effect 
--------------------      ------ 
NONE                      No environment variables were set
--------------------------------------------------------------------------------

INFO:Timing:2698 - No timing constraints found, doing default enumeration.
INFO:Timing:3412 - To improve timing, see the Timing Closure User Guide (UG612).
INFO:Timing:2752 - To get complete path coverage, use the unconstrained paths 
   option. All paths that are not constrained will be reported in the 
   unconstrained paths section(s) of the report.
INFO:Timing:3339 - The clock-to-out numbers in this timing report are based on 
   a 50 Ohm transmission line loading model.  For the details of this model, 
   and for more information on accounting for different loading conditions, 
   please see the device datasheet.
INFO:Timing:3390 - This architecture does not support a default System Jitter 
   value, please add SYSTEM_JITTER constraint to the UCF to modify the Clock 
   Uncertainty calculation.
INFO:Timing:3389 - This architecture does not support 'Discrete Jitter' and 
   'Phase Error' calculations, these terms will be zero in the Clock 
   Uncertainty calculation.  Please make appropriate modification to 
   SYSTEM_JITTER to account for the unsupported Discrete Jitter and Phase 
   Error.



Data Sheet report:
-----------------
All values displayed in nanoseconds (ns)

Pad to Pad
---------------+---------------+---------+
Source Pad     |Destination Pad|  Delay  |
---------------+---------------+---------+
bt<0>          |ld<0>          |    8.550|
bt<0>          |ld<1>          |    8.257|
bt<0>          |ld<2>          |    8.335|
bt<0>          |ld<7>          |    9.513|
sw<0>          |ld<7>          |    9.759|
sw<1>          |ld<0>          |    9.313|
sw<1>          |ld<7>          |    8.925|
sw<2>          |ld<0>          |   10.046|
sw<2>          |ld<1>          |    9.474|
sw<2>          |ld<7>          |   10.715|
sw<3>          |ld<0>          |    8.827|
sw<3>          |ld<1>          |    8.623|
sw<3>          |ld<7>          |    9.801|
sw<4>          |ld<0>          |    8.643|
sw<4>          |ld<1>          |    8.156|
sw<4>          |ld<2>          |    8.986|
sw<4>          |ld<7>          |    8.907|
sw<5>          |ld<0>          |    8.388|
sw<5>          |ld<1>          |    8.178|
sw<5>          |ld<2>          |    8.783|
sw<5>          |ld<7>          |    9.128|
sw<6>          |ld<0>          |    7.899|
sw<6>          |ld<1>          |    7.439|
sw<6>          |ld<2>          |    7.646|
sw<6>          |ld<7>          |    9.800|
sw<7>          |ld<0>          |    7.581|
sw<7>          |ld<1>          |    7.903|
sw<7>          |ld<2>          |    7.243|
sw<7>          |ld<7>          |    9.465|
---------------+---------------+---------+


Analysis completed Thu Sep 22 11:26:07 2016 
--------------------------------------------------------------------------------

Trace Settings:
-------------------------
Trace Settings 

Peak Memory Usage: 172 MB



