Command line:
   SIM_MODUL_isim_beh.exe
     -simmode  gui
     -simrunnum  0
     -socket  4467

Sun Oct 23 16:19:15 2016


 Elaboration Time: 0.015625 sec

 Current Memory Usage: 1009.05 Meg

 Total Signals          : 34
 Total Nets             : 30
 Total Signal Drivers   : 16
 Total Blocks           : 6
 Total Primitive Blocks : 4
 Total Processes        : 22
 Total Traceable Variables  : 33
 Total Scalar Nets and Variables : 151
Total Line Count : 69

 Total Simulation Time: 0.34375 sec

 Current Memory Usage: 537.194 Meg

Sun Oct 23 16:46:04 2016

